{"total": {"lines":{"total":5662,"covered":793,"skipped":0,"pct":14},"statements":{"total":6348,"covered":832,"skipped":0,"pct":13.1},"functions":{"total":1341,"covered":108,"skipped":0,"pct":8.05},"branches":{"total":4399,"covered":182,"skipped":0,"pct":4.13},"branchesTrue":{"total":0,"covered":0,"skipped":0,"pct":100}}
,"/Users/garibong/.openclaw/workspace/tmp/zod-gptoss-pr/packages/zod/src/v4/index.ts": {"lines":{"total":0,"covered":0,"skipped":0,"pct":100},"functions":{"total":0,"covered":0,"skipped":0,"pct":100},"statements":{"total":0,"covered":0,"skipped":0,"pct":100},"branches":{"total":0,"covered":0,"skipped":0,"pct":100}}
,"/Users/garibong/.openclaw/workspace/tmp/zod-gptoss-pr/packages/zod/src/v4/classic/checks.ts": {"lines":{"total":0,"covered":0,"skipped":0,"pct":100},"functions":{"total":0,"covered":0,"skipped":0,"pct":100},"statements":{"total":0,"covered":0,"skipped":0,"pct":100},"branches":{"total":0,"covered":0,"skipped":0,"pct":100}}
,"/Users/garibong/.openclaw/workspace/tmp/zod-gptoss-pr/packages/zod/src/v4/classic/coerce.ts": {"lines":{"total":5,"covered":0,"skipped":0,"pct":0},"functions":{"total":5,"covered":0,"skipped":0,"pct":0},"statements":{"total":5,"covered":0,"skipped":0,"pct":0},"branches":{"total":0,"covered":0,"skipped":0,"pct":100}}
,"/Users/garibong/.openclaw/workspace/tmp/zod-gptoss-pr/packages/zod/src/v4/classic/compat.ts": {"lines":{"total":4,"covered":2,"skipped":0,"pct":50},"functions":{"total":3,"covered":1,"skipped":0,"pct":33.33},"statements":{"total":5,"covered":3,"skipped":0,"pct":60},"branches":{"total":2,"covered":2,"skipped":0,"pct":100}}
,"/Users/garibong/.openclaw/workspace/tmp/zod-gptoss-pr/packages/zod/src/v4/classic/errors.ts": {"lines":{"total":13,"covered":6,"skipped":0,"pct":46.15},"functions":{"total":6,"covered":1,"skipped":0,"pct":16.66},"statements":{"total":13,"covered":6,"skipped":0,"pct":46.15},"branches":{"total":0,"covered":0,"skipped":0,"pct":100}}
,"/Users/garibong/.openclaw/workspace/tmp/zod-gptoss-pr/packages/zod/src/v4/classic/external.ts": {"lines":{"total":1,"covered":1,"skipped":0,"pct":100},"functions":{"total":0,"covered":0,"skipped":0,"pct":100},"statements":{"total":1,"covered":1,"skipped":0,"pct":100},"branches":{"total":0,"covered":0,"skipped":0,"pct":100}}
,"/Users/garibong/.openclaw/workspace/tmp/zod-gptoss-pr/packages/zod/src/v4/classic/from-json-schema.ts": {"lines":{"total":268,"covered":1,"skipped":0,"pct":0.37},"functions":{"total":13,"covered":0,"skipped":0,"pct":0},"statements":{"total":276,"covered":1,"skipped":0,"pct":0.36},"branches":{"total":266,"covered":0,"skipped":0,"pct":0}}
,"/Users/garibong/.openclaw/workspace/tmp/zod-gptoss-pr/packages/zod/src/v4/classic/index.ts": {"lines":{"total":0,"covered":0,"skipped":0,"pct":100},"functions":{"total":0,"covered":0,"skipped":0,"pct":100},"statements":{"total":0,"covered":0,"skipped":0,"pct":100},"branches":{"total":0,"covered":0,"skipped":0,"pct":100}}
,"/Users/garibong/.openclaw/workspace/tmp/zod-gptoss-pr/packages/zod/src/v4/classic/iso.ts": {"lines":{"total":16,"covered":4,"skipped":0,"pct":25},"functions":{"total":8,"covered":0,"skipped":0,"pct":0},"statements":{"total":16,"covered":4,"skipped":0,"pct":25},"branches":{"total":0,"covered":0,"skipped":0,"pct":100}}
,"/Users/garibong/.openclaw/workspace/tmp/zod-gptoss-pr/packages/zod/src/v4/classic/parse.ts": {"lines":{"total":12,"covered":12,"skipped":0,"pct":100},"functions":{"total":0,"covered":0,"skipped":0,"pct":100},"statements":{"total":12,"covered":12,"skipped":0,"pct":100},"branches":{"total":0,"covered":0,"skipped":0,"pct":100}}
,"/Users/garibong/.openclaw/workspace/tmp/zod-gptoss-pr/packages/zod/src/v4/classic/schemas.ts": {"lines":{"total":602,"covered":217,"skipped":0,"pct":36.04},"functions":{"total":363,"covered":24,"skipped":0,"pct":6.61},"statements":{"total":787,"covered":224,"skipped":0,"pct":28.46},"branches":{"total":89,"covered":30,"skipped":0,"pct":33.7}}
,"/Users/garibong/.openclaw/workspace/tmp/zod-gptoss-pr/packages/zod/src/v4/core/api.ts": {"lines":{"total":181,"covered":6,"skipped":0,"pct":3.31},"functions":{"total":133,"covered":4,"skipped":0,"pct":3},"statements":{"total":191,"covered":6,"skipped":0,"pct":3.14},"branches":{"total":53,"covered":0,"skipped":0,"pct":0}}
,"/Users/garibong/.openclaw/workspace/tmp/zod-gptoss-pr/packages/zod/src/v4/core/checks.ts": {"lines":{"total":251,"covered":26,"skipped":0,"pct":10.35},"functions":{"total":66,"covered":1,"skipped":0,"pct":1.51},"statements":{"total":272,"covered":26,"skipped":0,"pct":9.55},"branches":{"total":124,"covered":0,"skipped":0,"pct":0}}
,"/Users/garibong/.openclaw/workspace/tmp/zod-gptoss-pr/packages/zod/src/v4/core/core.ts": {"lines":{"total":34,"covered":28,"skipped":0,"pct":82.35},"functions":{"total":7,"covered":5,"skipped":0,"pct":71.42},"statements":{"total":37,"covered":30,"skipped":0,"pct":81.08},"branches":{"total":16,"covered":12,"skipped":0,"pct":75}}
,"/Users/garibong/.openclaw/workspace/tmp/zod-gptoss-pr/packages/zod/src/v4/core/doc.ts": {"lines":{"total":21,"covered":0,"skipped":0,"pct":0},"functions":{"total":9,"covered":0,"skipped":0,"pct":0},"statements":{"total":27,"covered":0,"skipped":0,"pct":0},"branches":{"total":7,"covered":0,"skipped":0,"pct":0}}
,"/Users/garibong/.openclaw/workspace/tmp/zod-gptoss-pr/packages/zod/src/v4/core/errors.ts": {"lines":{"total":89,"covered":9,"skipped":0,"pct":10.11},"functions":{"total":16,"covered":2,"skipped":0,"pct":12.5},"statements":{"total":98,"covered":9,"skipped":0,"pct":9.18},"branches":{"total":54,"covered":0,"skipped":0,"pct":0}}
,"/Users/garibong/.openclaw/workspace/tmp/zod-gptoss-pr/packages/zod/src/v4/core/index.ts": {"lines":{"total":0,"covered":0,"skipped":0,"pct":100},"functions":{"total":0,"covered":0,"skipped":0,"pct":100},"statements":{"total":0,"covered":0,"skipped":0,"pct":100},"branches":{"total":0,"covered":0,"skipped":0,"pct":100}}
,"/Users/garibong/.openclaw/workspace/tmp/zod-gptoss-pr/packages/zod/src/v4/core/json-schema-generator.ts": {"lines":{"total":21,"covered":0,"skipped":0,"pct":0},"functions":{"total":11,"covered":0,"skipped":0,"pct":0},"statements":{"total":26,"covered":0,"skipped":0,"pct":0},"branches":{"total":23,"covered":0,"skipped":0,"pct":0}}
,"/Users/garibong/.openclaw/workspace/tmp/zod-gptoss-pr/packages/zod/src/v4/core/json-schema-processors.ts": {"lines":{"total":299,"covered":41,"skipped":0,"pct":13.71},"functions":{"total":52,"covered":0,"skipped":0,"pct":0},"statements":{"total":333,"covered":41,"skipped":0,"pct":12.31},"branches":{"total":193,"covered":0,"skipped":0,"pct":0}}
,"/Users/garibong/.openclaw/workspace/tmp/zod-gptoss-pr/packages/zod/src/v4/core/json-schema.ts": {"lines":{"total":0,"covered":0,"skipped":0,"pct":100},"functions":{"total":0,"covered":0,"skipped":0,"pct":100},"statements":{"total":0,"covered":0,"skipped":0,"pct":100},"branches":{"total":0,"covered":0,"skipped":0,"pct":100}}
,"/Users/garibong/.openclaw/workspace/tmp/zod-gptoss-pr/packages/zod/src/v4/core/parse.ts": {"lines":{"total":64,"covered":47,"skipped":0,"pct":73.43},"functions":{"total":28,"covered":19,"skipped":0,"pct":67.85},"statements":{"total":80,"covered":62,"skipped":0,"pct":77.5},"branches":{"total":38,"covered":17,"skipped":0,"pct":44.73}}
,"/Users/garibong/.openclaw/workspace/tmp/zod-gptoss-pr/packages/zod/src/v4/core/regexes.ts": {"lines":{"total":77,"covered":63,"skipped":0,"pct":81.81},"functions":{"total":9,"covered":4,"skipped":0,"pct":44.44},"statements":{"total":79,"covered":63,"skipped":0,"pct":79.74},"branches":{"total":20,"covered":6,"skipped":0,"pct":30}}
,"/Users/garibong/.openclaw/workspace/tmp/zod-gptoss-pr/packages/zod/src/v4/core/registries.ts": {"lines":{"total":30,"covered":7,"skipped":0,"pct":23.33},"functions":{"total":7,"covered":2,"skipped":0,"pct":28.57},"statements":{"total":30,"covered":7,"skipped":0,"pct":23.33},"branches":{"total":18,"covered":0,"skipped":0,"pct":0}}
,"/Users/garibong/.openclaw/workspace/tmp/zod-gptoss-pr/packages/zod/src/v4/core/schemas.ts": {"lines":{"total":1084,"covered":194,"skipped":0,"pct":17.89},"functions":{"total":263,"covered":26,"skipped":0,"pct":9.88},"statements":{"total":1210,"covered":206,"skipped":0,"pct":17.02},"branches":{"total":551,"covered":76,"skipped":0,"pct":13.79}}
,"/Users/garibong/.openclaw/workspace/tmp/zod-gptoss-pr/packages/zod/src/v4/core/to-json-schema.ts": {"lines":{"total":187,"covered":4,"skipped":0,"pct":2.13},"functions":{"total":14,"covered":2,"skipped":0,"pct":14.28},"statements":{"total":205,"covered":4,"skipped":0,"pct":1.95},"branches":{"total":188,"covered":1,"skipped":0,"pct":0.53}}
,"/Users/garibong/.openclaw/workspace/tmp/zod-gptoss-pr/packages/zod/src/v4/core/util.ts": {"lines":{"total":299,"covered":53,"skipped":0,"pct":17.72},"functions":{"total":89,"covered":12,"skipped":0,"pct":13.48},"statements":{"total":336,"covered":55,"skipped":0,"pct":16.36},"branches":{"total":190,"covered":26,"skipped":0,"pct":13.68}}
,"/Users/garibong/.openclaw/workspace/tmp/zod-gptoss-pr/packages/zod/src/v4/core/versions.ts": {"lines":{"total":1,"covered":1,"skipped":0,"pct":100},"functions":{"total":0,"covered":0,"skipped":0,"pct":100},"statements":{"total":1,"covered":1,"skipped":0,"pct":100},"branches":{"total":0,"covered":0,"skipped":0,"pct":100}}
,"/Users/garibong/.openclaw/workspace/tmp/zod-gptoss-pr/packages/zod/src/v4/locales/ar.ts": {"lines":{"total":44,"covered":1,"skipped":0,"pct":2.27},"functions":{"total":5,"covered":0,"skipped":0,"pct":0},"statements":{"total":48,"covered":1,"skipped":0,"pct":2.08},"branches":{"total":55,"covered":0,"skipped":0,"pct":0}}
,"/Users/garibong/.openclaw/workspace/tmp/zod-gptoss-pr/packages/zod/src/v4/locales/az.ts": {"lines":{"total":42,"covered":1,"skipped":0,"pct":2.38},"functions":{"total":5,"covered":0,"skipped":0,"pct":0},"statements":{"total":48,"covered":1,"skipped":0,"pct":2.08},"branches":{"total":53,"covered":0,"skipped":0,"pct":0}}
,"/Users/garibong/.openclaw/workspace/tmp/zod-gptoss-pr/packages/zod/src/v4/locales/be.ts": {"lines":{"total":57,"covered":1,"skipped":0,"pct":1.75},"functions":{"total":6,"covered":0,"skipped":0,"pct":0},"statements":{"total":62,"covered":1,"skipped":0,"pct":1.61},"branches":{"total":61,"covered":0,"skipped":0,"pct":0}}
,"/Users/garibong/.openclaw/workspace/tmp/zod-gptoss-pr/packages/zod/src/v4/locales/bg.ts": {"lines":{"total":50,"covered":2,"skipped":0,"pct":4},"functions":{"total":5,"covered":0,"skipped":0,"pct":0},"statements":{"total":59,"covered":2,"skipped":0,"pct":3.38},"branches":{"total":65,"covered":0,"skipped":0,"pct":0}}
,"/Users/garibong/.openclaw/workspace/tmp/zod-gptoss-pr/packages/zod/src/v4/locales/ca.ts": {"lines":{"total":44,"covered":1,"skipped":0,"pct":2.27},"functions":{"total":5,"covered":0,"skipped":0,"pct":0},"statements":{"total":48,"covered":1,"skipped":0,"pct":2.08},"branches":{"total":55,"covered":0,"skipped":0,"pct":0}}
,"/Users/garibong/.openclaw/workspace/tmp/zod-gptoss-pr/packages/zod/src/v4/locales/cs.ts": {"lines":{"total":49,"covered":1,"skipped":0,"pct":2.04},"functions":{"total":5,"covered":0,"skipped":0,"pct":0},"statements":{"total":54,"covered":1,"skipped":0,"pct":1.85},"branches":{"total":63,"covered":0,"skipped":0,"pct":0}}
,"/Users/garibong/.openclaw/workspace/tmp/zod-gptoss-pr/packages/zod/src/v4/locales/da.ts": {"lines":{"total":48,"covered":1,"skipped":0,"pct":2.08},"functions":{"total":6,"covered":0,"skipped":0,"pct":0},"statements":{"total":53,"covered":1,"skipped":0,"pct":1.88},"branches":{"total":55,"covered":0,"skipped":0,"pct":0}}
,"/Users/garibong/.openclaw/workspace/tmp/zod-gptoss-pr/packages/zod/src/v4/locales/de.ts": {"lines":{"total":43,"covered":1,"skipped":0,"pct":2.32},"functions":{"total":5,"covered":0,"skipped":0,"pct":0},"statements":{"total":48,"covered":1,"skipped":0,"pct":2.08},"branches":{"total":53,"covered":0,"skipped":0,"pct":0}}
,"/Users/garibong/.openclaw/workspace/tmp/zod-gptoss-pr/packages/zod/src/v4/locales/en.ts": {"lines":{"total":44,"covered":19,"skipped":0,"pct":43.18},"functions":{"total":5,"covered":5,"skipped":0,"pct":100},"statements":{"total":48,"covered":19,"skipped":0,"pct":39.58},"branches":{"total":53,"covered":12,"skipped":0,"pct":22.64}}
,"/Users/garibong/.openclaw/workspace/tmp/zod-gptoss-pr/packages/zod/src/v4/locales/eo.ts": {"lines":{"total":43,"covered":2,"skipped":0,"pct":4.65},"functions":{"total":5,"covered":0,"skipped":0,"pct":0},"statements":{"total":48,"covered":2,"skipped":0,"pct":4.16},"branches":{"total":55,"covered":0,"skipped":0,"pct":0}}
,"/Users/garibong/.openclaw/workspace/tmp/zod-gptoss-pr/packages/zod/src/v4/locales/es.ts": {"lines":{"total":49,"covered":1,"skipped":0,"pct":2.04},"functions":{"total":6,"covered":0,"skipped":0,"pct":0},"statements":{"total":53,"covered":1,"skipped":0,"pct":1.88},"branches":{"total":55,"covered":0,"skipped":0,"pct":0}}
,"/Users/garibong/.openclaw/workspace/tmp/zod-gptoss-pr/packages/zod/src/v4/locales/fa.ts": {"lines":{"total":48,"covered":1,"skipped":0,"pct":2.08},"functions":{"total":5,"covered":0,"skipped":0,"pct":0},"statements":{"total":48,"covered":1,"skipped":0,"pct":2.08},"branches":{"total":53,"covered":0,"skipped":0,"pct":0}}
,"/Users/garibong/.openclaw/workspace/tmp/zod-gptoss-pr/packages/zod/src/v4/locales/fi.ts": {"lines":{"total":45,"covered":1,"skipped":0,"pct":2.22},"functions":{"total":5,"covered":0,"skipped":0,"pct":0},"statements":{"total":48,"covered":1,"skipped":0,"pct":2.08},"branches":{"total":47,"covered":0,"skipped":0,"pct":0}}
,"/Users/garibong/.openclaw/workspace/tmp/zod-gptoss-pr/packages/zod/src/v4/locales/fr-CA.ts": {"lines":{"total":44,"covered":1,"skipped":0,"pct":2.27},"functions":{"total":5,"covered":0,"skipped":0,"pct":0},"statements":{"total":48,"covered":1,"skipped":0,"pct":2.08},"branches":{"total":53,"covered":0,"skipped":0,"pct":0}}
,"/Users/garibong/.openclaw/workspace/tmp/zod-gptoss-pr/packages/zod/src/v4/locales/fr.ts": {"lines":{"total":43,"covered":1,"skipped":0,"pct":2.32},"functions":{"total":5,"covered":0,"skipped":0,"pct":0},"statements":{"total":48,"covered":1,"skipped":0,"pct":2.08},"branches":{"total":55,"covered":0,"skipped":0,"pct":0}}
,"/Users/garibong/.openclaw/workspace/tmp/zod-gptoss-pr/packages/zod/src/v4/locales/he.ts": {"lines":{"total":95,"covered":1,"skipped":0,"pct":1.05},"functions":{"total":10,"covered":0,"skipped":0,"pct":0},"statements":{"total":106,"covered":1,"skipped":0,"pct":0.94},"branches":{"total":138,"covered":0,"skipped":0,"pct":0}}
,"/Users/garibong/.openclaw/workspace/tmp/zod-gptoss-pr/packages/zod/src/v4/locales/hu.ts": {"lines":{"total":44,"covered":1,"skipped":0,"pct":2.27},"functions":{"total":5,"covered":0,"skipped":0,"pct":0},"statements":{"total":48,"covered":1,"skipped":0,"pct":2.08},"branches":{"total":53,"covered":0,"skipped":0,"pct":0}}
,"/Users/garibong/.openclaw/workspace/tmp/zod-gptoss-pr/packages/zod/src/v4/locales/id.ts": {"lines":{"total":44,"covered":1,"skipped":0,"pct":2.27},"functions":{"total":5,"covered":0,"skipped":0,"pct":0},"statements":{"total":48,"covered":1,"skipped":0,"pct":2.08},"branches":{"total":53,"covered":0,"skipped":0,"pct":0}}
,"/Users/garibong/.openclaw/workspace/tmp/zod-gptoss-pr/packages/zod/src/v4/locales/index.ts": {"lines":{"total":0,"covered":0,"skipped":0,"pct":100},"functions":{"total":0,"covered":0,"skipped":0,"pct":100},"statements":{"total":0,"covered":0,"skipped":0,"pct":100},"branches":{"total":0,"covered":0,"skipped":0,"pct":100}}
,"/Users/garibong/.openclaw/workspace/tmp/zod-gptoss-pr/packages/zod/src/v4/locales/is.ts": {"lines":{"total":44,"covered":2,"skipped":0,"pct":4.54},"functions":{"total":5,"covered":0,"skipped":0,"pct":0},"statements":{"total":48,"covered":2,"skipped":0,"pct":4.16},"branches":{"total":53,"covered":0,"skipped":0,"pct":0}}
,"/Users/garibong/.openclaw/workspace/tmp/zod-gptoss-pr/packages/zod/src/v4/locales/it.ts": {"lines":{"total":43,"covered":1,"skipped":0,"pct":2.32},"functions":{"total":5,"covered":0,"skipped":0,"pct":0},"statements":{"total":48,"covered":1,"skipped":0,"pct":2.08},"branches":{"total":55,"covered":0,"skipped":0,"pct":0}}
,"/Users/garibong/.openclaw/workspace/tmp/zod-gptoss-pr/packages/zod/src/v4/locales/ja.ts": {"lines":{"total":43,"covered":1,"skipped":0,"pct":2.32},"functions":{"total":5,"covered":0,"skipped":0,"pct":0},"statements":{"total":48,"covered":1,"skipped":0,"pct":2.08},"branches":{"total":53,"covered":0,"skipped":0,"pct":0}}
,"/Users/garibong/.openclaw/workspace/tmp/zod-gptoss-pr/packages/zod/src/v4/locales/ka.ts": {"lines":{"total":46,"covered":2,"skipped":0,"pct":4.34},"functions":{"total":5,"covered":0,"skipped":0,"pct":0},"statements":{"total":49,"covered":2,"skipped":0,"pct":4.08},"branches":{"total":53,"covered":0,"skipped":0,"pct":0}}
,"/Users/garibong/.openclaw/workspace/tmp/zod-gptoss-pr/packages/zod/src/v4/locales/kh.ts": {"lines":{"total":1,"covered":0,"skipped":0,"pct":0},"functions":{"total":1,"covered":0,"skipped":0,"pct":0},"statements":{"total":1,"covered":0,"skipped":0,"pct":0},"branches":{"total":0,"covered":0,"skipped":0,"pct":100}}
,"/Users/garibong/.openclaw/workspace/tmp/zod-gptoss-pr/packages/zod/src/v4/locales/km.ts": {"lines":{"total":44,"covered":1,"skipped":0,"pct":2.27},"functions":{"total":5,"covered":0,"skipped":0,"pct":0},"statements":{"total":48,"covered":1,"skipped":0,"pct":2.08},"branches":{"total":51,"covered":0,"skipped":0,"pct":0}}
,"/Users/garibong/.openclaw/workspace/tmp/zod-gptoss-pr/packages/zod/src/v4/locales/ko.ts": {"lines":{"total":48,"covered":1,"skipped":0,"pct":2.08},"functions":{"total":5,"covered":0,"skipped":0,"pct":0},"statements":{"total":52,"covered":1,"skipped":0,"pct":1.92},"branches":{"total":61,"covered":0,"skipped":0,"pct":0}}
,"/Users/garibong/.openclaw/workspace/tmp/zod-gptoss-pr/packages/zod/src/v4/locales/lt.ts": {"lines":{"total":66,"covered":4,"skipped":0,"pct":6.06},"functions":{"total":8,"covered":0,"skipped":0,"pct":0},"statements":{"total":76,"covered":4,"skipped":0,"pct":5.26},"branches":{"total":94,"covered":0,"skipped":0,"pct":0}}
,"/Users/garibong/.openclaw/workspace/tmp/zod-gptoss-pr/packages/zod/src/v4/locales/mk.ts": {"lines":{"total":44,"covered":1,"skipped":0,"pct":2.27},"functions":{"total":5,"covered":0,"skipped":0,"pct":0},"statements":{"total":48,"covered":1,"skipped":0,"pct":2.08},"branches":{"total":53,"covered":0,"skipped":0,"pct":0}}
,"/Users/garibong/.openclaw/workspace/tmp/zod-gptoss-pr/packages/zod/src/v4/locales/ms.ts": {"lines":{"total":43,"covered":1,"skipped":0,"pct":2.32},"functions":{"total":5,"covered":0,"skipped":0,"pct":0},"statements":{"total":48,"covered":1,"skipped":0,"pct":2.08},"branches":{"total":51,"covered":0,"skipped":0,"pct":0}}
,"/Users/garibong/.openclaw/workspace/tmp/zod-gptoss-pr/packages/zod/src/v4/locales/nl.ts": {"lines":{"total":44,"covered":1,"skipped":0,"pct":2.27},"functions":{"total":5,"covered":0,"skipped":0,"pct":0},"statements":{"total":48,"covered":1,"skipped":0,"pct":2.08},"branches":{"total":53,"covered":0,"skipped":0,"pct":0}}
,"/Users/garibong/.openclaw/workspace/tmp/zod-gptoss-pr/packages/zod/src/v4/locales/no.ts": {"lines":{"total":43,"covered":1,"skipped":0,"pct":2.32},"functions":{"total":5,"covered":0,"skipped":0,"pct":0},"statements":{"total":48,"covered":1,"skipped":0,"pct":2.08},"branches":{"total":53,"covered":0,"skipped":0,"pct":0}}
,"/Users/garibong/.openclaw/workspace/tmp/zod-gptoss-pr/packages/zod/src/v4/locales/ota.ts": {"lines":{"total":43,"covered":1,"skipped":0,"pct":2.32},"functions":{"total":5,"covered":0,"skipped":0,"pct":0},"statements":{"total":48,"covered":1,"skipped":0,"pct":2.08},"branches":{"total":53,"covered":0,"skipped":0,"pct":0}}
,"/Users/garibong/.openclaw/workspace/tmp/zod-gptoss-pr/packages/zod/src/v4/locales/pl.ts": {"lines":{"total":45,"covered":1,"skipped":0,"pct":2.22},"functions":{"total":5,"covered":0,"skipped":0,"pct":0},"statements":{"total":48,"covered":1,"skipped":0,"pct":2.08},"branches":{"total":59,"covered":0,"skipped":0,"pct":0}}
,"/Users/garibong/.openclaw/workspace/tmp/zod-gptoss-pr/packages/zod/src/v4/locales/ps.ts": {"lines":{"total":48,"covered":1,"skipped":0,"pct":2.08},"functions":{"total":5,"covered":0,"skipped":0,"pct":0},"statements":{"total":48,"covered":1,"skipped":0,"pct":2.08},"branches":{"total":53,"covered":0,"skipped":0,"pct":0}}
,"/Users/garibong/.openclaw/workspace/tmp/zod-gptoss-pr/packages/zod/src/v4/locales/pt.ts": {"lines":{"total":43,"covered":1,"skipped":0,"pct":2.32},"functions":{"total":5,"covered":0,"skipped":0,"pct":0},"statements":{"total":48,"covered":1,"skipped":0,"pct":2.08},"branches":{"total":55,"covered":0,"skipped":0,"pct":0}}
,"/Users/garibong/.openclaw/workspace/tmp/zod-gptoss-pr/packages/zod/src/v4/locales/ru.ts": {"lines":{"total":57,"covered":1,"skipped":0,"pct":1.75},"functions":{"total":6,"covered":0,"skipped":0,"pct":0},"statements":{"total":62,"covered":1,"skipped":0,"pct":1.61},"branches":{"total":63,"covered":0,"skipped":0,"pct":0}}
,"/Users/garibong/.openclaw/workspace/tmp/zod-gptoss-pr/packages/zod/src/v4/locales/sl.ts": {"lines":{"total":45,"covered":1,"skipped":0,"pct":2.22},"functions":{"total":5,"covered":0,"skipped":0,"pct":0},"statements":{"total":48,"covered":1,"skipped":0,"pct":2.08},"branches":{"total":53,"covered":0,"skipped":0,"pct":0}}
,"/Users/garibong/.openclaw/workspace/tmp/zod-gptoss-pr/packages/zod/src/v4/locales/sv.ts": {"lines":{"total":45,"covered":1,"skipped":0,"pct":2.22},"functions":{"total":5,"covered":0,"skipped":0,"pct":0},"statements":{"total":48,"covered":1,"skipped":0,"pct":2.08},"branches":{"total":61,"covered":0,"skipped":0,"pct":0}}
,"/Users/garibong/.openclaw/workspace/tmp/zod-gptoss-pr/packages/zod/src/v4/locales/ta.ts": {"lines":{"total":43,"covered":1,"skipped":0,"pct":2.32},"functions":{"total":5,"covered":0,"skipped":0,"pct":0},"statements":{"total":48,"covered":1,"skipped":0,"pct":2.08},"branches":{"total":53,"covered":0,"skipped":0,"pct":0}}
,"/Users/garibong/.openclaw/workspace/tmp/zod-gptoss-pr/packages/zod/src/v4/locales/th.ts": {"lines":{"total":44,"covered":1,"skipped":0,"pct":2.27},"functions":{"total":5,"covered":0,"skipped":0,"pct":0},"statements":{"total":48,"covered":1,"skipped":0,"pct":2.08},"branches":{"total":51,"covered":0,"skipped":0,"pct":0}}
,"/Users/garibong/.openclaw/workspace/tmp/zod-gptoss-pr/packages/zod/src/v4/locales/tr.ts": {"lines":{"total":42,"covered":2,"skipped":0,"pct":4.76},"functions":{"total":5,"covered":0,"skipped":0,"pct":0},"statements":{"total":48,"covered":2,"skipped":0,"pct":4.16},"branches":{"total":53,"covered":0,"skipped":0,"pct":0}}
,"/Users/garibong/.openclaw/workspace/tmp/zod-gptoss-pr/packages/zod/src/v4/locales/ua.ts": {"lines":{"total":1,"covered":0,"skipped":0,"pct":0},"functions":{"total":1,"covered":0,"skipped":0,"pct":0},"statements":{"total":1,"covered":0,"skipped":0,"pct":0},"branches":{"total":0,"covered":0,"skipped":0,"pct":100}}
,"/Users/garibong/.openclaw/workspace/tmp/zod-gptoss-pr/packages/zod/src/v4/locales/uk.ts": {"lines":{"total":44,"covered":1,"skipped":0,"pct":2.27},"functions":{"total":5,"covered":0,"skipped":0,"pct":0},"statements":{"total":48,"covered":1,"skipped":0,"pct":2.08},"branches":{"total":53,"covered":0,"skipped":0,"pct":0}}
,"/Users/garibong/.openclaw/workspace/tmp/zod-gptoss-pr/packages/zod/src/v4/locales/ur.ts": {"lines":{"total":44,"covered":1,"skipped":0,"pct":2.27},"functions":{"total":5,"covered":0,"skipped":0,"pct":0},"statements":{"total":48,"covered":1,"skipped":0,"pct":2.08},"branches":{"total":53,"covered":0,"skipped":0,"pct":0}}
,"/Users/garibong/.openclaw/workspace/tmp/zod-gptoss-pr/packages/zod/src/v4/locales/vi.ts": {"lines":{"total":44,"covered":1,"skipped":0,"pct":2.27},"functions":{"total":5,"covered":0,"skipped":0,"pct":0},"statements":{"total":48,"covered":1,"skipped":0,"pct":2.08},"branches":{"total":51,"covered":0,"skipped":0,"pct":0}}
,"/Users/garibong/.openclaw/workspace/tmp/zod-gptoss-pr/packages/zod/src/v4/locales/yo.ts": {"lines":{"total":43,"covered":1,"skipped":0,"pct":2.32},"functions":{"total":5,"covered":0,"skipped":0,"pct":0},"statements":{"total":48,"covered":1,"skipped":0,"pct":2.08},"branches":{"total":47,"covered":0,"skipped":0,"pct":0}}
,"/Users/garibong/.openclaw/workspace/tmp/zod-gptoss-pr/packages/zod/src/v4/locales/zh-CN.ts": {"lines":{"total":43,"covered":1,"skipped":0,"pct":2.32},"functions":{"total":5,"covered":0,"skipped":0,"pct":0},"statements":{"total":48,"covered":1,"skipped":0,"pct":2.08},"branches":{"total":51,"covered":0,"skipped":0,"pct":0}}
,"/Users/garibong/.openclaw/workspace/tmp/zod-gptoss-pr/packages/zod/src/v4/locales/zh-TW.ts": {"lines":{"total":44,"covered":1,"skipped":0,"pct":2.27},"functions":{"total":5,"covered":0,"skipped":0,"pct":0},"statements":{"total":48,"covered":1,"skipped":0,"pct":2.08},"branches":{"total":53,"covered":0,"skipped":0,"pct":0}}
}
